<?xml version="1.0" encoding="UTF-8"?>
<!-- Generated by org.testng.reporters.JUnitReportReporter -->
<testsuite hostname="DESKTOP-BSVQKOV" failures="0" tests="5" name="com.maximus.testcases.GetEmployeeDetails" time="0.040" errors="0" timestamp="2022-02-06T21:54:47 CST" skipped="0">
  <testcase classname="com.maximus.testcases.GetEmployeeDetails" name="getResponseBody" time="0.025"/>
  <system-out/>
  <testcase classname="com.maximus.testcases.GetEmployeeDetails" name="getStatusCode" time="0.002"/>
  <system-out/>
  <testcase classname="com.maximus.testcases.GetEmployeeDetails" name="checkServerType" time="0.002"/>
  <system-out/>
  <testcase classname="com.maximus.testcases.GetEmployeeDetails" name="getStatusLine" time="0.002"/>
  <system-out/>
  <testcase classname="com.maximus.testcases.GetEmployeeDetails" name="checkContentType" time="0.009"/>
  <system-out/>
</testsuite> <!-- com.maximus.testcases.GetEmployeeDetails -->
