<?xml version="1.0" encoding="UTF-8"?>
<!-- Generated by org.testng.reporters.JUnitReportReporter -->
<testsuite hostname="DESKTOP-BSVQKOV" failures="0" tests="6" name="com.maximus.testcases.PostEmployeeRecords" time="8.980" errors="0" timestamp="2022-01-30T12:05:42 CST" skipped="0">
  <testcase classname="com.maximus.testcases.PostEmployeeRecords" name="postEmpRecords" time="8.941"/>
  <system-out/>
  <testcase classname="com.maximus.testcases.PostEmployeeRecords" name="checkContentType" time="0.008"/>
  <system-out/>
  <testcase classname="com.maximus.testcases.PostEmployeeRecords" name="getResponseBody" time="0.018"/>
  <system-out/>
  <testcase classname="com.maximus.testcases.PostEmployeeRecords" name="getStatusCode" time="0.004"/>
  <system-out/>
  <testcase classname="com.maximus.testcases.PostEmployeeRecords" name="getStatusLine" time="0.007"/>
  <system-out/>
  <testcase classname="com.maximus.testcases.PostEmployeeRecords" name="checkServerType" time="0.002"/>
  <system-out/>
</testsuite> <!-- com.maximus.testcases.PostEmployeeRecords -->
