<?xml version="1.0" encoding="UTF-8"?>
<!-- Generated by org.testng.reporters.JUnitReportReporter -->
<testsuite hostname="DESKTOP-BSVQKOV" failures="0" tests="9" name="com.maximus.testcases.DataDriven_PostEmployeeRecords" time="202.811" errors="0" timestamp="2022-02-06T21:54:47 CST" skipped="0">
  <testcase classname="com.maximus.testcases.DataDriven_PostEmployeeRecords" name="postEmpRecords" time="50.717"/>
  <system-out/>
  <testcase classname="com.maximus.testcases.DataDriven_PostEmployeeRecords" name="postEmpRecords" time="50.633"/>
  <system-out/>
  <testcase classname="com.maximus.testcases.DataDriven_PostEmployeeRecords" name="postEmpRecords" time="50.616"/>
  <system-out/>
  <testcase classname="com.maximus.testcases.DataDriven_PostEmployeeRecords" name="postEmpRecords" time="50.814"/>
  <system-out/>
  <testcase classname="com.maximus.testcases.DataDriven_PostEmployeeRecords" name="checkContentType" time="0.007"/>
  <system-out/>
  <testcase classname="com.maximus.testcases.DataDriven_PostEmployeeRecords" name="getResponseBody" time="0.013"/>
  <system-out/>
  <testcase classname="com.maximus.testcases.DataDriven_PostEmployeeRecords" name="getStatusCode" time="0.006"/>
  <system-out/>
  <testcase classname="com.maximus.testcases.DataDriven_PostEmployeeRecords" name="getStatusLine" time="0.003"/>
  <system-out/>
  <testcase classname="com.maximus.testcases.DataDriven_PostEmployeeRecords" name="checkServerType" time="0.002"/>
  <system-out/>
</testsuite> <!-- com.maximus.testcases.DataDriven_PostEmployeeRecords -->
